2023-10-19 14:21:04,018:WARNING:
'cuml' is a soft dependency and not included in the pycaret installation. Please run: `pip install cuml` to install.
2023-10-19 14:21:04,018:WARNING:
'cuml' is a soft dependency and not included in the pycaret installation. Please run: `pip install cuml` to install.
2023-10-19 14:21:04,018:WARNING:
'cuml' is a soft dependency and not included in the pycaret installation. Please run: `pip install cuml` to install.
2023-10-19 14:21:04,019:WARNING:
'cuml' is a soft dependency and not included in the pycaret installation. Please run: `pip install cuml` to install.
2023-10-19 14:21:09,473:INFO:Initializing load_model()
2023-10-19 14:21:09,474:INFO:load_model(model_name=D:/Python_Project/ICU/Abhishek_Yadav_ICU/ICUPredictionDeepAarogya/Data/ICU_prediction_finetune_xgb, platform=None, authentication=None, verbose=True)
2023-10-19 14:21:09,721:WARNING:C:\Users\abhis\anaconda3\envs\Streamlit_app\lib\site-packages\pycaret\internal\pipeline.py:139: UserWarning: Version mismatch:
current: {'deps_info': {'pip': '23.2.1', 'setuptools': '68.0.0', 'pycaret': '3.1.0', 'IPython': '8.16.1', 'ipywidgets': '8.1.1', 'tqdm': '4.66.1', 'numpy': '1.23.5', 'pandas': '1.5.3', 'jinja2': '3.1.2', 'scipy': '1.10.1', 'joblib': '1.3.2', 'sklearn': '1.2.2', 'pyod': '1.1.0', 'imblearn': '0.11.0', 'category_encoders': '2.6.2', 'lightgbm': '4.1.0', 'numba': '0.58.0', 'requests': '2.31.0', 'matplotlib': '3.8.0', 'scikitplot': '0.3.7', 'yellowbrick': '1.5', 'plotly': '5.17.0', 'plotly-resampler': 'Not installed', 'kaleido': '0.2.1', 'schemdraw': '0.15', 'statsmodels': '0.14.0', 'sktime': '0.21.1', 'tbats': '1.1.3', 'pmdarima': '2.0.3', 'psutil': '5.9.5', 'markupsafe': '2.1.3', 'pickle5': 'Not installed', 'cloudpickle': '2.2.1', 'deprecation': '2.1.0', 'xxhash': '3.4.1', 'wurlitzer': 'Not installed'}, 'python': {'version': '3.10.13', 'machine': 'AMD64'}}
pickle: {'deps_info': {'pip': '23.1.2', 'setuptools': '67.8.0', 'pycaret': '3.0.2', 'IPython': '8.12.2', 'ipywidgets': '8.0.6', 'tqdm': '4.65.0', 'numpy': '1.24.3', 'pandas': '1.5.3', 'jinja2': '3.1.2', 'scipy': '1.10.1', 'joblib': '1.2.0', 'sklearn': '1.2.2', 'pyod': '1.0.9', 'imblearn': '0.10.1', 'category_encoders': '2.6.1', 'lightgbm': '3.3.5', 'numba': '0.57.0', 'requests': '2.29.0', 'matplotlib': '3.7.1', 'scikitplot': '0.3.7', 'yellowbrick': '1.5', 'plotly': '5.15.0', 'kaleido': '0.2.1', 'statsmodels': '0.14.0', 'sktime': '0.17.0', 'tbats': '1.1.3', 'pmdarima': '2.0.3', 'psutil': '5.9.5'}, 'python': {'version': '3.8.16', 'machine': 'arm64'}}
  warnings.warn(

2023-10-19 14:25:10,934:WARNING:
'cuml' is a soft dependency and not included in the pycaret installation. Please run: `pip install cuml` to install.
2023-10-19 14:25:10,934:WARNING:
'cuml' is a soft dependency and not included in the pycaret installation. Please run: `pip install cuml` to install.
2023-10-19 14:25:10,934:WARNING:
'cuml' is a soft dependency and not included in the pycaret installation. Please run: `pip install cuml` to install.
2023-10-19 14:25:10,934:WARNING:
'cuml' is a soft dependency and not included in the pycaret installation. Please run: `pip install cuml` to install.
2023-10-19 14:25:12,173:INFO:Initializing load_model()
2023-10-19 14:25:12,173:INFO:load_model(model_name=D:/Python_Project/ICU/Abhishek_Yadav_ICU/ICUPredictionDeepAarogya/Data/ICU_prediction_finetune_xgb, platform=None, authentication=None, verbose=True)
2023-10-19 14:25:12,227:WARNING:C:\Users\abhis\anaconda3\envs\Streamlit_app\lib\site-packages\pycaret\internal\pipeline.py:139: UserWarning: Version mismatch:
current: {'deps_info': {'pip': '23.2.1', 'setuptools': '68.0.0', 'pycaret': '3.1.0', 'IPython': '8.16.1', 'ipywidgets': '8.1.1', 'tqdm': '4.66.1', 'numpy': '1.23.5', 'pandas': '1.5.3', 'jinja2': '3.1.2', 'scipy': '1.10.1', 'joblib': '1.3.2', 'sklearn': '1.2.2', 'pyod': '1.1.0', 'imblearn': '0.11.0', 'category_encoders': '2.6.2', 'lightgbm': '4.1.0', 'numba': '0.58.0', 'requests': '2.31.0', 'matplotlib': '3.8.0', 'scikitplot': '0.3.7', 'yellowbrick': '1.5', 'plotly': '5.17.0', 'plotly-resampler': 'Not installed', 'kaleido': '0.2.1', 'schemdraw': '0.15', 'statsmodels': '0.14.0', 'sktime': '0.21.1', 'tbats': '1.1.3', 'pmdarima': '2.0.3', 'psutil': '5.9.5', 'markupsafe': '2.1.3', 'pickle5': 'Not installed', 'cloudpickle': '2.2.1', 'deprecation': '2.1.0', 'xxhash': '3.4.1', 'wurlitzer': 'Not installed'}, 'python': {'version': '3.10.13', 'machine': 'AMD64'}}
pickle: {'deps_info': {'pip': '23.1.2', 'setuptools': '67.8.0', 'pycaret': '3.0.2', 'IPython': '8.12.2', 'ipywidgets': '8.0.6', 'tqdm': '4.65.0', 'numpy': '1.24.3', 'pandas': '1.5.3', 'jinja2': '3.1.2', 'scipy': '1.10.1', 'joblib': '1.2.0', 'sklearn': '1.2.2', 'pyod': '1.0.9', 'imblearn': '0.10.1', 'category_encoders': '2.6.1', 'lightgbm': '3.3.5', 'numba': '0.57.0', 'requests': '2.29.0', 'matplotlib': '3.7.1', 'scikitplot': '0.3.7', 'yellowbrick': '1.5', 'plotly': '5.15.0', 'kaleido': '0.2.1', 'statsmodels': '0.14.0', 'sktime': '0.17.0', 'tbats': '1.1.3', 'pmdarima': '2.0.3', 'psutil': '5.9.5'}, 'python': {'version': '3.8.16', 'machine': 'arm64'}}
  warnings.warn(

2023-10-19 14:26:02,154:WARNING:
'cuml' is a soft dependency and not included in the pycaret installation. Please run: `pip install cuml` to install.
2023-10-19 14:26:02,154:WARNING:
'cuml' is a soft dependency and not included in the pycaret installation. Please run: `pip install cuml` to install.
2023-10-19 14:26:02,154:WARNING:
'cuml' is a soft dependency and not included in the pycaret installation. Please run: `pip install cuml` to install.
2023-10-19 14:26:02,154:WARNING:
'cuml' is a soft dependency and not included in the pycaret installation. Please run: `pip install cuml` to install.
2023-10-19 14:26:03,324:INFO:Initializing load_model()
2023-10-19 14:26:03,324:INFO:load_model(model_name=D:/Python_Project/ICU/Abhishek_Yadav_ICU/ICUPredictionDeepAarogya/Data/ICU_prediction_finetune_xgb, platform=None, authentication=None, verbose=True)
2023-10-19 14:26:03,377:WARNING:C:\Users\abhis\anaconda3\envs\Streamlit_app\lib\site-packages\pycaret\internal\pipeline.py:139: UserWarning: Version mismatch:
current: {'deps_info': {'pip': '23.2.1', 'setuptools': '68.0.0', 'pycaret': '3.1.0', 'IPython': '8.16.1', 'ipywidgets': '8.1.1', 'tqdm': '4.66.1', 'numpy': '1.23.5', 'pandas': '1.5.3', 'jinja2': '3.1.2', 'scipy': '1.10.1', 'joblib': '1.3.2', 'sklearn': '1.2.2', 'pyod': '1.1.0', 'imblearn': '0.11.0', 'category_encoders': '2.6.2', 'lightgbm': '4.1.0', 'numba': '0.58.0', 'requests': '2.31.0', 'matplotlib': '3.8.0', 'scikitplot': '0.3.7', 'yellowbrick': '1.5', 'plotly': '5.17.0', 'plotly-resampler': 'Not installed', 'kaleido': '0.2.1', 'schemdraw': '0.15', 'statsmodels': '0.14.0', 'sktime': '0.21.1', 'tbats': '1.1.3', 'pmdarima': '2.0.3', 'psutil': '5.9.5', 'markupsafe': '2.1.3', 'pickle5': 'Not installed', 'cloudpickle': '2.2.1', 'deprecation': '2.1.0', 'xxhash': '3.4.1', 'wurlitzer': 'Not installed'}, 'python': {'version': '3.10.13', 'machine': 'AMD64'}}
pickle: {'deps_info': {'pip': '23.1.2', 'setuptools': '67.8.0', 'pycaret': '3.0.2', 'IPython': '8.12.2', 'ipywidgets': '8.0.6', 'tqdm': '4.65.0', 'numpy': '1.24.3', 'pandas': '1.5.3', 'jinja2': '3.1.2', 'scipy': '1.10.1', 'joblib': '1.2.0', 'sklearn': '1.2.2', 'pyod': '1.0.9', 'imblearn': '0.10.1', 'category_encoders': '2.6.1', 'lightgbm': '3.3.5', 'numba': '0.57.0', 'requests': '2.29.0', 'matplotlib': '3.7.1', 'scikitplot': '0.3.7', 'yellowbrick': '1.5', 'plotly': '5.15.0', 'kaleido': '0.2.1', 'statsmodels': '0.14.0', 'sktime': '0.17.0', 'tbats': '1.1.3', 'pmdarima': '2.0.3', 'psutil': '5.9.5'}, 'python': {'version': '3.8.16', 'machine': 'arm64'}}
  warnings.warn(

2023-10-25 14:40:24,578:WARNING:
'cuml' is a soft dependency and not included in the pycaret installation. Please run: `pip install cuml` to install.
2023-10-25 14:40:24,578:WARNING:
'cuml' is a soft dependency and not included in the pycaret installation. Please run: `pip install cuml` to install.
2023-10-25 14:40:24,579:WARNING:
'cuml' is a soft dependency and not included in the pycaret installation. Please run: `pip install cuml` to install.
2023-10-25 14:40:24,579:WARNING:
'cuml' is a soft dependency and not included in the pycaret installation. Please run: `pip install cuml` to install.
2023-10-25 14:40:29,527:INFO:Initializing load_model()
2023-10-25 14:40:29,527:INFO:load_model(model_name=D:/Python_Project/ICU/Abhishek_Yadav_ICU/ICUPredictionDeepAarogya/Data/ICU_prediction_finetune_xgb, platform=None, authentication=None, verbose=True)
2023-10-25 14:40:29,807:WARNING:C:\Users\abhis\anaconda3\envs\Streamlit_app\lib\site-packages\pycaret\internal\pipeline.py:139: UserWarning: Version mismatch:
current: {'deps_info': {'pip': '23.2.1', 'setuptools': '68.0.0', 'pycaret': '3.1.0', 'IPython': '8.16.1', 'ipywidgets': '8.1.1', 'tqdm': '4.66.1', 'numpy': '1.23.5', 'pandas': '1.5.3', 'jinja2': '3.1.2', 'scipy': '1.10.1', 'joblib': '1.3.2', 'sklearn': '1.2.2', 'pyod': '1.1.0', 'imblearn': '0.11.0', 'category_encoders': '2.6.2', 'lightgbm': '4.1.0', 'numba': '0.58.0', 'requests': '2.31.0', 'matplotlib': '3.8.0', 'scikitplot': '0.3.7', 'yellowbrick': '1.5', 'plotly': '5.17.0', 'plotly-resampler': 'Not installed', 'kaleido': '0.2.1', 'schemdraw': '0.15', 'statsmodels': '0.14.0', 'sktime': '0.21.1', 'tbats': '1.1.3', 'pmdarima': '2.0.3', 'psutil': '5.9.5', 'markupsafe': '2.1.3', 'pickle5': 'Not installed', 'cloudpickle': '2.2.1', 'deprecation': '2.1.0', 'xxhash': '3.4.1', 'wurlitzer': 'Not installed'}, 'python': {'version': '3.10.13', 'machine': 'AMD64'}}
pickle: {'deps_info': {'pip': '23.1.2', 'setuptools': '67.8.0', 'pycaret': '3.0.2', 'IPython': '8.12.2', 'ipywidgets': '8.0.6', 'tqdm': '4.65.0', 'numpy': '1.24.3', 'pandas': '1.5.3', 'jinja2': '3.1.2', 'scipy': '1.10.1', 'joblib': '1.2.0', 'sklearn': '1.2.2', 'pyod': '1.0.9', 'imblearn': '0.10.1', 'category_encoders': '2.6.1', 'lightgbm': '3.3.5', 'numba': '0.57.0', 'requests': '2.29.0', 'matplotlib': '3.7.1', 'scikitplot': '0.3.7', 'yellowbrick': '1.5', 'plotly': '5.15.0', 'kaleido': '0.2.1', 'statsmodels': '0.14.0', 'sktime': '0.17.0', 'tbats': '1.1.3', 'pmdarima': '2.0.3', 'psutil': '5.9.5'}, 'python': {'version': '3.8.16', 'machine': 'arm64'}}
  warnings.warn(

2023-10-25 14:40:51,578:INFO:Initializing load_model()
2023-10-25 14:40:51,579:INFO:load_model(model_name=D:/Python_Project/ICU/Abhishek_Yadav_ICU/ICUPredictionDeepAarogya/Data/ICU_prediction_finetune_xgb, platform=None, authentication=None, verbose=True)
2023-10-25 14:40:51,594:WARNING:C:\Users\abhis\anaconda3\envs\Streamlit_app\lib\site-packages\pycaret\internal\pipeline.py:139: UserWarning: Version mismatch:
current: {'deps_info': {'pip': '23.2.1', 'setuptools': '68.0.0', 'pycaret': '3.1.0', 'IPython': '8.16.1', 'ipywidgets': '8.1.1', 'tqdm': '4.66.1', 'numpy': '1.23.5', 'pandas': '1.5.3', 'jinja2': '3.1.2', 'scipy': '1.10.1', 'joblib': '1.3.2', 'sklearn': '1.2.2', 'pyod': '1.1.0', 'imblearn': '0.11.0', 'category_encoders': '2.6.2', 'lightgbm': '4.1.0', 'numba': '0.58.0', 'requests': '2.31.0', 'matplotlib': '3.8.0', 'scikitplot': '0.3.7', 'yellowbrick': '1.5', 'plotly': '5.17.0', 'plotly-resampler': 'Not installed', 'kaleido': '0.2.1', 'schemdraw': '0.15', 'statsmodels': '0.14.0', 'sktime': '0.21.1', 'tbats': '1.1.3', 'pmdarima': '2.0.3', 'psutil': '5.9.5', 'markupsafe': '2.1.3', 'pickle5': 'Not installed', 'cloudpickle': '2.2.1', 'deprecation': '2.1.0', 'xxhash': '3.4.1', 'wurlitzer': 'Not installed'}, 'python': {'version': '3.10.13', 'machine': 'AMD64'}}
pickle: {'deps_info': {'pip': '23.1.2', 'setuptools': '67.8.0', 'pycaret': '3.0.2', 'IPython': '8.12.2', 'ipywidgets': '8.0.6', 'tqdm': '4.65.0', 'numpy': '1.24.3', 'pandas': '1.5.3', 'jinja2': '3.1.2', 'scipy': '1.10.1', 'joblib': '1.2.0', 'sklearn': '1.2.2', 'pyod': '1.0.9', 'imblearn': '0.10.1', 'category_encoders': '2.6.1', 'lightgbm': '3.3.5', 'numba': '0.57.0', 'requests': '2.29.0', 'matplotlib': '3.7.1', 'scikitplot': '0.3.7', 'yellowbrick': '1.5', 'plotly': '5.15.0', 'kaleido': '0.2.1', 'statsmodels': '0.14.0', 'sktime': '0.17.0', 'tbats': '1.1.3', 'pmdarima': '2.0.3', 'psutil': '5.9.5'}, 'python': {'version': '3.8.16', 'machine': 'arm64'}}
  warnings.warn(

2023-10-25 14:45:13,798:WARNING:
'cuml' is a soft dependency and not included in the pycaret installation. Please run: `pip install cuml` to install.
2023-10-25 14:45:13,809:WARNING:
'cuml' is a soft dependency and not included in the pycaret installation. Please run: `pip install cuml` to install.
2023-10-25 14:45:13,809:WARNING:
'cuml' is a soft dependency and not included in the pycaret installation. Please run: `pip install cuml` to install.
2023-10-25 14:45:13,809:WARNING:
'cuml' is a soft dependency and not included in the pycaret installation. Please run: `pip install cuml` to install.
2023-10-25 14:45:14,411:INFO:Initializing load_model()
2023-10-25 14:45:14,412:INFO:Initializing load_model()
2023-10-25 14:45:14,412:INFO:load_model(model_name=D:/Python_Project/ICU/Abhishek_Yadav_ICU/ICUPredictionDeepAarogya/Data/ICU_prediction_finetune_xgb, platform=None, authentication=None, verbose=True)
2023-10-25 14:45:14,412:INFO:load_model(model_name=D:/Python_Project/ICU/Abhishek_Yadav_ICU/ICUPredictionDeepAarogya/Data/ICU_prediction_finetune_xgb, platform=None, authentication=None, verbose=True)
2023-10-25 14:45:14,482:INFO:Transformation Pipeline and Model Successfully Loaded
2023-10-25 14:45:14,507:WARNING:C:\Users\abhis\anaconda3\envs\Streamlit_app\lib\site-packages\pycaret\internal\pipeline.py:139: UserWarning: Version mismatch:
current: {'deps_info': {'pip': '23.2.1', 'setuptools': '68.0.0', 'pycaret': '3.1.0', 'IPython': '8.16.1', 'ipywidgets': '8.1.1', 'tqdm': '4.66.1', 'numpy': '1.23.5', 'pandas': '1.5.3', 'jinja2': '3.1.2', 'scipy': '1.10.1', 'joblib': '1.3.2', 'sklearn': '1.2.2', 'pyod': '1.1.0', 'imblearn': '0.11.0', 'category_encoders': '2.6.2', 'lightgbm': '4.1.0', 'numba': '0.58.0', 'requests': '2.31.0', 'matplotlib': '3.8.0', 'scikitplot': '0.3.7', 'yellowbrick': '1.5', 'plotly': '5.17.0', 'plotly-resampler': 'Not installed', 'kaleido': '0.2.1', 'schemdraw': '0.15', 'statsmodels': '0.14.0', 'sktime': '0.21.1', 'tbats': '1.1.3', 'pmdarima': '2.0.3', 'psutil': '5.9.5', 'markupsafe': '2.1.3', 'pickle5': 'Not installed', 'cloudpickle': '2.2.1', 'deprecation': '2.1.0', 'xxhash': '3.4.1', 'wurlitzer': 'Not installed'}, 'python': {'version': '3.10.13', 'machine': 'AMD64'}}
pickle: {'deps_info': {'pip': '23.1.2', 'setuptools': '67.8.0', 'pycaret': '3.0.2', 'IPython': '8.12.2', 'ipywidgets': '8.0.6', 'tqdm': '4.65.0', 'numpy': '1.24.3', 'pandas': '1.5.3', 'jinja2': '3.1.2', 'scipy': '1.10.1', 'joblib': '1.2.0', 'sklearn': '1.2.2', 'pyod': '1.0.9', 'imblearn': '0.10.1', 'category_encoders': '2.6.1', 'lightgbm': '3.3.5', 'numba': '0.57.0', 'requests': '2.29.0', 'matplotlib': '3.7.1', 'scikitplot': '0.3.7', 'yellowbrick': '1.5', 'plotly': '5.15.0', 'kaleido': '0.2.1', 'statsmodels': '0.14.0', 'sktime': '0.17.0', 'tbats': '1.1.3', 'pmdarima': '2.0.3', 'psutil': '5.9.5'}, 'python': {'version': '3.8.16', 'machine': 'arm64'}}
  warnings.warn(

2023-10-25 14:45:14,508:INFO:Transformation Pipeline and Model Successfully Loaded
2023-10-25 14:45:32,686:INFO:Initializing load_model()
2023-10-25 14:45:32,687:INFO:load_model(model_name=D:/Python_Project/ICU/Abhishek_Yadav_ICU/ICUPredictionDeepAarogya/Data/ICU_prediction_finetune_xgb, platform=None, authentication=None, verbose=True)
2023-10-25 14:45:32,713:WARNING:C:\Users\abhis\anaconda3\envs\Streamlit_app\lib\site-packages\pycaret\internal\pipeline.py:139: UserWarning: Version mismatch:
current: {'deps_info': {'pip': '23.2.1', 'setuptools': '68.0.0', 'pycaret': '3.1.0', 'IPython': '8.16.1', 'ipywidgets': '8.1.1', 'tqdm': '4.66.1', 'numpy': '1.23.5', 'pandas': '1.5.3', 'jinja2': '3.1.2', 'scipy': '1.10.1', 'joblib': '1.3.2', 'sklearn': '1.2.2', 'pyod': '1.1.0', 'imblearn': '0.11.0', 'category_encoders': '2.6.2', 'lightgbm': '4.1.0', 'numba': '0.58.0', 'requests': '2.31.0', 'matplotlib': '3.8.0', 'scikitplot': '0.3.7', 'yellowbrick': '1.5', 'plotly': '5.17.0', 'plotly-resampler': 'Not installed', 'kaleido': '0.2.1', 'schemdraw': '0.15', 'statsmodels': '0.14.0', 'sktime': '0.21.1', 'tbats': '1.1.3', 'pmdarima': '2.0.3', 'psutil': '5.9.5', 'markupsafe': '2.1.3', 'pickle5': 'Not installed', 'cloudpickle': '2.2.1', 'deprecation': '2.1.0', 'xxhash': '3.4.1', 'wurlitzer': 'Not installed'}, 'python': {'version': '3.10.13', 'machine': 'AMD64'}}
pickle: {'deps_info': {'pip': '23.1.2', 'setuptools': '67.8.0', 'pycaret': '3.0.2', 'IPython': '8.12.2', 'ipywidgets': '8.0.6', 'tqdm': '4.65.0', 'numpy': '1.24.3', 'pandas': '1.5.3', 'jinja2': '3.1.2', 'scipy': '1.10.1', 'joblib': '1.2.0', 'sklearn': '1.2.2', 'pyod': '1.0.9', 'imblearn': '0.10.1', 'category_encoders': '2.6.1', 'lightgbm': '3.3.5', 'numba': '0.57.0', 'requests': '2.29.0', 'matplotlib': '3.7.1', 'scikitplot': '0.3.7', 'yellowbrick': '1.5', 'plotly': '5.15.0', 'kaleido': '0.2.1', 'statsmodels': '0.14.0', 'sktime': '0.17.0', 'tbats': '1.1.3', 'pmdarima': '2.0.3', 'psutil': '5.9.5'}, 'python': {'version': '3.8.16', 'machine': 'arm64'}}
  warnings.warn(

2023-10-25 14:45:32,715:INFO:Transformation Pipeline and Model Successfully Loaded
2023-10-25 14:54:40,692:INFO:Initializing load_model()
2023-10-25 14:54:40,692:INFO:load_model(model_name=D:/Python_Project/ICU/Abhishek_Yadav_ICU/ICUPredictionDeepAarogya/Data/ICU_prediction_finetune_xgb, platform=None, authentication=None, verbose=True)
2023-10-25 14:54:40,748:INFO:Transformation Pipeline and Model Successfully Loaded
2023-10-25 14:54:41,763:INFO:Initializing load_model()
2023-10-25 14:54:41,763:INFO:load_model(model_name=D:/Python_Project/ICU/Abhishek_Yadav_ICU/ICUPredictionDeepAarogya/Data/ICU_prediction_finetune_xgb, platform=None, authentication=None, verbose=True)
2023-10-25 14:54:41,777:INFO:Transformation Pipeline and Model Successfully Loaded
2023-10-25 15:50:39,365:INFO:Initializing load_model()
2023-10-25 15:50:39,365:INFO:load_model(model_name=D:/Python_Project/ICU/Abhishek_Yadav_ICU/ICUPredictionDeepAarogya/Data/ICU_prediction_finetune_xgb, platform=None, authentication=None, verbose=True)
2023-10-25 15:50:39,437:WARNING:C:\Users\abhis\anaconda3\envs\Streamlit_app\lib\site-packages\pycaret\internal\pipeline.py:139: UserWarning: Version mismatch:
current: {'deps_info': {'pip': '23.2.1', 'setuptools': '68.0.0', 'pycaret': '3.1.0', 'IPython': '8.16.1', 'ipywidgets': '8.1.1', 'tqdm': '4.66.1', 'numpy': '1.23.5', 'pandas': '1.5.3', 'jinja2': '3.1.2', 'scipy': '1.10.1', 'joblib': '1.3.2', 'sklearn': '1.2.2', 'pyod': '1.1.0', 'imblearn': '0.11.0', 'category_encoders': '2.6.2', 'lightgbm': '4.1.0', 'numba': '0.58.0', 'requests': '2.31.0', 'matplotlib': '3.8.0', 'scikitplot': '0.3.7', 'yellowbrick': '1.5', 'plotly': '5.17.0', 'plotly-resampler': 'Not installed', 'kaleido': '0.2.1', 'schemdraw': '0.15', 'statsmodels': '0.14.0', 'sktime': '0.21.1', 'tbats': '1.1.3', 'pmdarima': '2.0.3', 'psutil': '5.9.5', 'markupsafe': '2.1.3', 'pickle5': 'Not installed', 'cloudpickle': '2.2.1', 'deprecation': '2.1.0', 'xxhash': '3.4.1', 'wurlitzer': 'Not installed'}, 'python': {'version': '3.10.13', 'machine': 'AMD64'}}
pickle: {'deps_info': {'pip': '23.1.2', 'setuptools': '67.8.0', 'pycaret': '3.0.2', 'IPython': '8.12.2', 'ipywidgets': '8.0.6', 'tqdm': '4.65.0', 'numpy': '1.24.3', 'pandas': '1.5.3', 'jinja2': '3.1.2', 'scipy': '1.10.1', 'joblib': '1.2.0', 'sklearn': '1.2.2', 'pyod': '1.0.9', 'imblearn': '0.10.1', 'category_encoders': '2.6.1', 'lightgbm': '3.3.5', 'numba': '0.57.0', 'requests': '2.29.0', 'matplotlib': '3.7.1', 'scikitplot': '0.3.7', 'yellowbrick': '1.5', 'plotly': '5.15.0', 'kaleido': '0.2.1', 'statsmodels': '0.14.0', 'sktime': '0.17.0', 'tbats': '1.1.3', 'pmdarima': '2.0.3', 'psutil': '5.9.5'}, 'python': {'version': '3.8.16', 'machine': 'arm64'}}
  warnings.warn(

2023-10-25 15:50:39,439:INFO:Transformation Pipeline and Model Successfully Loaded
2023-10-25 15:50:41,355:INFO:Initializing load_model()
2023-10-25 15:50:41,355:INFO:load_model(model_name=D:/Python_Project/ICU/Abhishek_Yadav_ICU/ICUPredictionDeepAarogya/Data/ICU_prediction_finetune_xgb, platform=None, authentication=None, verbose=True)
2023-10-25 15:50:41,433:INFO:Transformation Pipeline and Model Successfully Loaded
2023-10-26 12:28:50,584:WARNING:
'cuml' is a soft dependency and not included in the pycaret installation. Please run: `pip install cuml` to install.
2023-10-26 12:28:50,585:WARNING:
'cuml' is a soft dependency and not included in the pycaret installation. Please run: `pip install cuml` to install.
2023-10-26 12:28:50,585:WARNING:
'cuml' is a soft dependency and not included in the pycaret installation. Please run: `pip install cuml` to install.
2023-10-26 12:28:50,585:WARNING:
'cuml' is a soft dependency and not included in the pycaret installation. Please run: `pip install cuml` to install.
2023-10-26 12:28:55,712:INFO:Initializing load_model()
2023-10-26 12:28:55,712:INFO:load_model(model_name=D:/Python_Project/ICU/Abhishek_Yadav_ICU/ICUPredictionDeepAarogya/Data/ICU_prediction_finetune_xgb, platform=None, authentication=None, verbose=True)
2023-10-26 12:28:56,065:WARNING:C:\Users\abhis\anaconda3\envs\Streamlit_app\lib\site-packages\pycaret\internal\pipeline.py:139: UserWarning: Version mismatch:
current: {'deps_info': {'pip': '23.2.1', 'setuptools': '68.0.0', 'pycaret': '3.1.0', 'IPython': '8.16.1', 'ipywidgets': '8.1.1', 'tqdm': '4.66.1', 'numpy': '1.23.5', 'pandas': '1.5.3', 'jinja2': '3.1.2', 'scipy': '1.10.1', 'joblib': '1.3.2', 'sklearn': '1.2.2', 'pyod': '1.1.0', 'imblearn': '0.11.0', 'category_encoders': '2.6.2', 'lightgbm': '4.1.0', 'numba': '0.58.0', 'requests': '2.31.0', 'matplotlib': '3.8.0', 'scikitplot': '0.3.7', 'yellowbrick': '1.5', 'plotly': '5.17.0', 'plotly-resampler': 'Not installed', 'kaleido': '0.2.1', 'schemdraw': '0.15', 'statsmodels': '0.14.0', 'sktime': '0.21.1', 'tbats': '1.1.3', 'pmdarima': '2.0.3', 'psutil': '5.9.5', 'markupsafe': '2.1.3', 'pickle5': 'Not installed', 'cloudpickle': '2.2.1', 'deprecation': '2.1.0', 'xxhash': '3.4.1', 'wurlitzer': 'Not installed'}, 'python': {'version': '3.10.13', 'machine': 'AMD64'}}
pickle: {'deps_info': {'pip': '23.1.2', 'setuptools': '67.8.0', 'pycaret': '3.0.2', 'IPython': '8.12.2', 'ipywidgets': '8.0.6', 'tqdm': '4.65.0', 'numpy': '1.24.3', 'pandas': '1.5.3', 'jinja2': '3.1.2', 'scipy': '1.10.1', 'joblib': '1.2.0', 'sklearn': '1.2.2', 'pyod': '1.0.9', 'imblearn': '0.10.1', 'category_encoders': '2.6.1', 'lightgbm': '3.3.5', 'numba': '0.57.0', 'requests': '2.29.0', 'matplotlib': '3.7.1', 'scikitplot': '0.3.7', 'yellowbrick': '1.5', 'plotly': '5.15.0', 'kaleido': '0.2.1', 'statsmodels': '0.14.0', 'sktime': '0.17.0', 'tbats': '1.1.3', 'pmdarima': '2.0.3', 'psutil': '5.9.5'}, 'python': {'version': '3.8.16', 'machine': 'arm64'}}
  warnings.warn(

2023-10-26 15:22:44,908:INFO:Initializing load_model()
2023-10-26 15:22:44,910:INFO:load_model(model_name=D:/Python_Project/ICU/Abhishek_Yadav_ICU/ICUPredictionDeepAarogya/Data/ICU_prediction_finetune_xgb, platform=None, authentication=None, verbose=True)
2023-10-26 15:22:44,959:WARNING:C:\Users\abhis\anaconda3\envs\Streamlit_app\lib\site-packages\pycaret\internal\pipeline.py:139: UserWarning: Version mismatch:
current: {'deps_info': {'pip': '23.2.1', 'setuptools': '68.0.0', 'pycaret': '3.1.0', 'IPython': '8.16.1', 'ipywidgets': '8.1.1', 'tqdm': '4.66.1', 'numpy': '1.23.5', 'pandas': '1.5.3', 'jinja2': '3.1.2', 'scipy': '1.10.1', 'joblib': '1.3.2', 'sklearn': '1.2.2', 'pyod': '1.1.0', 'imblearn': '0.11.0', 'category_encoders': '2.6.2', 'lightgbm': '4.1.0', 'numba': '0.58.0', 'requests': '2.31.0', 'matplotlib': '3.8.0', 'scikitplot': '0.3.7', 'yellowbrick': '1.5', 'plotly': '5.17.0', 'plotly-resampler': 'Not installed', 'kaleido': '0.2.1', 'schemdraw': '0.15', 'statsmodels': '0.14.0', 'sktime': '0.21.1', 'tbats': '1.1.3', 'pmdarima': '2.0.3', 'psutil': '5.9.5', 'markupsafe': '2.1.3', 'pickle5': 'Not installed', 'cloudpickle': '2.2.1', 'deprecation': '2.1.0', 'xxhash': '3.4.1', 'wurlitzer': 'Not installed'}, 'python': {'version': '3.10.13', 'machine': 'AMD64'}}
pickle: {'deps_info': {'pip': '23.1.2', 'setuptools': '67.8.0', 'pycaret': '3.0.2', 'IPython': '8.12.2', 'ipywidgets': '8.0.6', 'tqdm': '4.65.0', 'numpy': '1.24.3', 'pandas': '1.5.3', 'jinja2': '3.1.2', 'scipy': '1.10.1', 'joblib': '1.2.0', 'sklearn': '1.2.2', 'pyod': '1.0.9', 'imblearn': '0.10.1', 'category_encoders': '2.6.1', 'lightgbm': '3.3.5', 'numba': '0.57.0', 'requests': '2.29.0', 'matplotlib': '3.7.1', 'scikitplot': '0.3.7', 'yellowbrick': '1.5', 'plotly': '5.15.0', 'kaleido': '0.2.1', 'statsmodels': '0.14.0', 'sktime': '0.17.0', 'tbats': '1.1.3', 'pmdarima': '2.0.3', 'psutil': '5.9.5'}, 'python': {'version': '3.8.16', 'machine': 'arm64'}}
  warnings.warn(

2023-10-27 13:22:24,514:WARNING:
'cuml' is a soft dependency and not included in the pycaret installation. Please run: `pip install cuml` to install.
2023-10-27 13:22:24,516:WARNING:
'cuml' is a soft dependency and not included in the pycaret installation. Please run: `pip install cuml` to install.
2023-10-27 13:22:24,516:WARNING:
'cuml' is a soft dependency and not included in the pycaret installation. Please run: `pip install cuml` to install.
2023-10-27 13:22:24,516:WARNING:
'cuml' is a soft dependency and not included in the pycaret installation. Please run: `pip install cuml` to install.
2023-10-27 13:22:28,617:INFO:Initializing load_model()
2023-10-27 13:22:28,617:INFO:load_model(model_name=D:/Python_Project/ICU/Abhishek_Yadav_ICU/ICUPredictionDeepAarogya/Data/ICU_prediction_finetune_xgb, platform=None, authentication=None, verbose=True)
2023-10-27 13:22:28,881:WARNING:C:\Users\abhis\anaconda3\envs\Streamlit_app\lib\site-packages\pycaret\internal\pipeline.py:139: UserWarning: Version mismatch:
current: {'deps_info': {'pip': '23.2.1', 'setuptools': '68.0.0', 'pycaret': '3.1.0', 'IPython': '8.16.1', 'ipywidgets': '8.1.1', 'tqdm': '4.66.1', 'numpy': '1.23.5', 'pandas': '1.5.3', 'jinja2': '3.1.2', 'scipy': '1.10.1', 'joblib': '1.3.2', 'sklearn': '1.2.2', 'pyod': '1.1.0', 'imblearn': '0.11.0', 'category_encoders': '2.6.2', 'lightgbm': '4.1.0', 'numba': '0.58.0', 'requests': '2.31.0', 'matplotlib': '3.8.0', 'scikitplot': '0.3.7', 'yellowbrick': '1.5', 'plotly': '5.17.0', 'plotly-resampler': 'Not installed', 'kaleido': '0.2.1', 'schemdraw': '0.15', 'statsmodels': '0.14.0', 'sktime': '0.21.1', 'tbats': '1.1.3', 'pmdarima': '2.0.3', 'psutil': '5.9.5', 'markupsafe': '2.1.3', 'pickle5': 'Not installed', 'cloudpickle': '2.2.1', 'deprecation': '2.1.0', 'xxhash': '3.4.1', 'wurlitzer': 'Not installed'}, 'python': {'version': '3.10.13', 'machine': 'AMD64'}}
pickle: {'deps_info': {'pip': '23.1.2', 'setuptools': '67.8.0', 'pycaret': '3.0.2', 'IPython': '8.12.2', 'ipywidgets': '8.0.6', 'tqdm': '4.65.0', 'numpy': '1.24.3', 'pandas': '1.5.3', 'jinja2': '3.1.2', 'scipy': '1.10.1', 'joblib': '1.2.0', 'sklearn': '1.2.2', 'pyod': '1.0.9', 'imblearn': '0.10.1', 'category_encoders': '2.6.1', 'lightgbm': '3.3.5', 'numba': '0.57.0', 'requests': '2.29.0', 'matplotlib': '3.7.1', 'scikitplot': '0.3.7', 'yellowbrick': '1.5', 'plotly': '5.15.0', 'kaleido': '0.2.1', 'statsmodels': '0.14.0', 'sktime': '0.17.0', 'tbats': '1.1.3', 'pmdarima': '2.0.3', 'psutil': '5.9.5'}, 'python': {'version': '3.8.16', 'machine': 'arm64'}}
  warnings.warn(

2023-10-27 13:22:52,210:INFO:Initializing load_model()
2023-10-27 13:22:52,212:INFO:load_model(model_name=D:/Python_Project/ICU/Abhishek_Yadav_ICU/ICUPredictionDeepAarogya/Data/ICU_prediction_finetune_xgb, platform=None, authentication=None, verbose=True)
2023-10-27 13:22:52,227:WARNING:C:\Users\abhis\anaconda3\envs\Streamlit_app\lib\site-packages\pycaret\internal\pipeline.py:139: UserWarning: Version mismatch:
current: {'deps_info': {'pip': '23.2.1', 'setuptools': '68.0.0', 'pycaret': '3.1.0', 'IPython': '8.16.1', 'ipywidgets': '8.1.1', 'tqdm': '4.66.1', 'numpy': '1.23.5', 'pandas': '1.5.3', 'jinja2': '3.1.2', 'scipy': '1.10.1', 'joblib': '1.3.2', 'sklearn': '1.2.2', 'pyod': '1.1.0', 'imblearn': '0.11.0', 'category_encoders': '2.6.2', 'lightgbm': '4.1.0', 'numba': '0.58.0', 'requests': '2.31.0', 'matplotlib': '3.8.0', 'scikitplot': '0.3.7', 'yellowbrick': '1.5', 'plotly': '5.17.0', 'plotly-resampler': 'Not installed', 'kaleido': '0.2.1', 'schemdraw': '0.15', 'statsmodels': '0.14.0', 'sktime': '0.21.1', 'tbats': '1.1.3', 'pmdarima': '2.0.3', 'psutil': '5.9.5', 'markupsafe': '2.1.3', 'pickle5': 'Not installed', 'cloudpickle': '2.2.1', 'deprecation': '2.1.0', 'xxhash': '3.4.1', 'wurlitzer': 'Not installed'}, 'python': {'version': '3.10.13', 'machine': 'AMD64'}}
pickle: {'deps_info': {'pip': '23.1.2', 'setuptools': '67.8.0', 'pycaret': '3.0.2', 'IPython': '8.12.2', 'ipywidgets': '8.0.6', 'tqdm': '4.65.0', 'numpy': '1.24.3', 'pandas': '1.5.3', 'jinja2': '3.1.2', 'scipy': '1.10.1', 'joblib': '1.2.0', 'sklearn': '1.2.2', 'pyod': '1.0.9', 'imblearn': '0.10.1', 'category_encoders': '2.6.1', 'lightgbm': '3.3.5', 'numba': '0.57.0', 'requests': '2.29.0', 'matplotlib': '3.7.1', 'scikitplot': '0.3.7', 'yellowbrick': '1.5', 'plotly': '5.15.0', 'kaleido': '0.2.1', 'statsmodels': '0.14.0', 'sktime': '0.17.0', 'tbats': '1.1.3', 'pmdarima': '2.0.3', 'psutil': '5.9.5'}, 'python': {'version': '3.8.16', 'machine': 'arm64'}}
  warnings.warn(

2023-10-27 13:23:16,904:INFO:Initializing load_model()
2023-10-27 13:23:16,904:INFO:load_model(model_name=D:/Python_Project/ICU/Abhishek_Yadav_ICU/ICUPredictionDeepAarogya/Data/ICU_prediction_finetune_xgb, platform=None, authentication=None, verbose=True)
2023-10-27 13:23:16,955:WARNING:C:\Users\abhis\anaconda3\envs\Streamlit_app\lib\site-packages\pycaret\internal\pipeline.py:139: UserWarning: Version mismatch:
current: {'deps_info': {'pip': '23.2.1', 'setuptools': '68.0.0', 'pycaret': '3.1.0', 'IPython': '8.16.1', 'ipywidgets': '8.1.1', 'tqdm': '4.66.1', 'numpy': '1.23.5', 'pandas': '1.5.3', 'jinja2': '3.1.2', 'scipy': '1.10.1', 'joblib': '1.3.2', 'sklearn': '1.2.2', 'pyod': '1.1.0', 'imblearn': '0.11.0', 'category_encoders': '2.6.2', 'lightgbm': '4.1.0', 'numba': '0.58.0', 'requests': '2.31.0', 'matplotlib': '3.8.0', 'scikitplot': '0.3.7', 'yellowbrick': '1.5', 'plotly': '5.17.0', 'plotly-resampler': 'Not installed', 'kaleido': '0.2.1', 'schemdraw': '0.15', 'statsmodels': '0.14.0', 'sktime': '0.21.1', 'tbats': '1.1.3', 'pmdarima': '2.0.3', 'psutil': '5.9.5', 'markupsafe': '2.1.3', 'pickle5': 'Not installed', 'cloudpickle': '2.2.1', 'deprecation': '2.1.0', 'xxhash': '3.4.1', 'wurlitzer': 'Not installed'}, 'python': {'version': '3.10.13', 'machine': 'AMD64'}}
pickle: {'deps_info': {'pip': '23.1.2', 'setuptools': '67.8.0', 'pycaret': '3.0.2', 'IPython': '8.12.2', 'ipywidgets': '8.0.6', 'tqdm': '4.65.0', 'numpy': '1.24.3', 'pandas': '1.5.3', 'jinja2': '3.1.2', 'scipy': '1.10.1', 'joblib': '1.2.0', 'sklearn': '1.2.2', 'pyod': '1.0.9', 'imblearn': '0.10.1', 'category_encoders': '2.6.1', 'lightgbm': '3.3.5', 'numba': '0.57.0', 'requests': '2.29.0', 'matplotlib': '3.7.1', 'scikitplot': '0.3.7', 'yellowbrick': '1.5', 'plotly': '5.15.0', 'kaleido': '0.2.1', 'statsmodels': '0.14.0', 'sktime': '0.17.0', 'tbats': '1.1.3', 'pmdarima': '2.0.3', 'psutil': '5.9.5'}, 'python': {'version': '3.8.16', 'machine': 'arm64'}}
  warnings.warn(

2023-10-27 13:23:23,464:INFO:Initializing load_model()
2023-10-27 13:23:23,465:INFO:load_model(model_name=D:/Python_Project/ICU/Abhishek_Yadav_ICU/ICUPredictionDeepAarogya/Data/ICU_prediction_finetune_xgb, platform=None, authentication=None, verbose=True)
2023-10-27 13:23:23,509:WARNING:C:\Users\abhis\anaconda3\envs\Streamlit_app\lib\site-packages\pycaret\internal\pipeline.py:139: UserWarning: Version mismatch:
current: {'deps_info': {'pip': '23.2.1', 'setuptools': '68.0.0', 'pycaret': '3.1.0', 'IPython': '8.16.1', 'ipywidgets': '8.1.1', 'tqdm': '4.66.1', 'numpy': '1.23.5', 'pandas': '1.5.3', 'jinja2': '3.1.2', 'scipy': '1.10.1', 'joblib': '1.3.2', 'sklearn': '1.2.2', 'pyod': '1.1.0', 'imblearn': '0.11.0', 'category_encoders': '2.6.2', 'lightgbm': '4.1.0', 'numba': '0.58.0', 'requests': '2.31.0', 'matplotlib': '3.8.0', 'scikitplot': '0.3.7', 'yellowbrick': '1.5', 'plotly': '5.17.0', 'plotly-resampler': 'Not installed', 'kaleido': '0.2.1', 'schemdraw': '0.15', 'statsmodels': '0.14.0', 'sktime': '0.21.1', 'tbats': '1.1.3', 'pmdarima': '2.0.3', 'psutil': '5.9.5', 'markupsafe': '2.1.3', 'pickle5': 'Not installed', 'cloudpickle': '2.2.1', 'deprecation': '2.1.0', 'xxhash': '3.4.1', 'wurlitzer': 'Not installed'}, 'python': {'version': '3.10.13', 'machine': 'AMD64'}}
pickle: {'deps_info': {'pip': '23.1.2', 'setuptools': '67.8.0', 'pycaret': '3.0.2', 'IPython': '8.12.2', 'ipywidgets': '8.0.6', 'tqdm': '4.65.0', 'numpy': '1.24.3', 'pandas': '1.5.3', 'jinja2': '3.1.2', 'scipy': '1.10.1', 'joblib': '1.2.0', 'sklearn': '1.2.2', 'pyod': '1.0.9', 'imblearn': '0.10.1', 'category_encoders': '2.6.1', 'lightgbm': '3.3.5', 'numba': '0.57.0', 'requests': '2.29.0', 'matplotlib': '3.7.1', 'scikitplot': '0.3.7', 'yellowbrick': '1.5', 'plotly': '5.15.0', 'kaleido': '0.2.1', 'statsmodels': '0.14.0', 'sktime': '0.17.0', 'tbats': '1.1.3', 'pmdarima': '2.0.3', 'psutil': '5.9.5'}, 'python': {'version': '3.8.16', 'machine': 'arm64'}}
  warnings.warn(

2023-10-27 13:23:33,070:INFO:Initializing load_model()
2023-10-27 13:23:33,071:INFO:load_model(model_name=D:/Python_Project/ICU/Abhishek_Yadav_ICU/ICUPredictionDeepAarogya/Data/ICU_prediction_finetune_xgb, platform=None, authentication=None, verbose=True)
2023-10-27 13:23:33,100:WARNING:C:\Users\abhis\anaconda3\envs\Streamlit_app\lib\site-packages\pycaret\internal\pipeline.py:139: UserWarning: Version mismatch:
current: {'deps_info': {'pip': '23.2.1', 'setuptools': '68.0.0', 'pycaret': '3.1.0', 'IPython': '8.16.1', 'ipywidgets': '8.1.1', 'tqdm': '4.66.1', 'numpy': '1.23.5', 'pandas': '1.5.3', 'jinja2': '3.1.2', 'scipy': '1.10.1', 'joblib': '1.3.2', 'sklearn': '1.2.2', 'pyod': '1.1.0', 'imblearn': '0.11.0', 'category_encoders': '2.6.2', 'lightgbm': '4.1.0', 'numba': '0.58.0', 'requests': '2.31.0', 'matplotlib': '3.8.0', 'scikitplot': '0.3.7', 'yellowbrick': '1.5', 'plotly': '5.17.0', 'plotly-resampler': 'Not installed', 'kaleido': '0.2.1', 'schemdraw': '0.15', 'statsmodels': '0.14.0', 'sktime': '0.21.1', 'tbats': '1.1.3', 'pmdarima': '2.0.3', 'psutil': '5.9.5', 'markupsafe': '2.1.3', 'pickle5': 'Not installed', 'cloudpickle': '2.2.1', 'deprecation': '2.1.0', 'xxhash': '3.4.1', 'wurlitzer': 'Not installed'}, 'python': {'version': '3.10.13', 'machine': 'AMD64'}}
pickle: {'deps_info': {'pip': '23.1.2', 'setuptools': '67.8.0', 'pycaret': '3.0.2', 'IPython': '8.12.2', 'ipywidgets': '8.0.6', 'tqdm': '4.65.0', 'numpy': '1.24.3', 'pandas': '1.5.3', 'jinja2': '3.1.2', 'scipy': '1.10.1', 'joblib': '1.2.0', 'sklearn': '1.2.2', 'pyod': '1.0.9', 'imblearn': '0.10.1', 'category_encoders': '2.6.1', 'lightgbm': '3.3.5', 'numba': '0.57.0', 'requests': '2.29.0', 'matplotlib': '3.7.1', 'scikitplot': '0.3.7', 'yellowbrick': '1.5', 'plotly': '5.15.0', 'kaleido': '0.2.1', 'statsmodels': '0.14.0', 'sktime': '0.17.0', 'tbats': '1.1.3', 'pmdarima': '2.0.3', 'psutil': '5.9.5'}, 'python': {'version': '3.8.16', 'machine': 'arm64'}}
  warnings.warn(

2023-10-27 13:35:55,817:INFO:Initializing load_model()
2023-10-27 13:35:55,819:INFO:load_model(model_name=D:/Python_Project/ICU/Abhishek_Yadav_ICU/ICUPredictionDeepAarogya/Data/ICU_prediction_finetune_xgb, platform=None, authentication=None, verbose=True)
2023-10-27 13:35:55,854:WARNING:C:\Users\abhis\anaconda3\envs\Streamlit_app\lib\site-packages\pycaret\internal\pipeline.py:139: UserWarning: Version mismatch:
current: {'deps_info': {'pip': '23.2.1', 'setuptools': '68.0.0', 'pycaret': '3.1.0', 'IPython': '8.16.1', 'ipywidgets': '8.1.1', 'tqdm': '4.66.1', 'numpy': '1.23.5', 'pandas': '1.5.3', 'jinja2': '3.1.2', 'scipy': '1.10.1', 'joblib': '1.3.2', 'sklearn': '1.2.2', 'pyod': '1.1.0', 'imblearn': '0.11.0', 'category_encoders': '2.6.2', 'lightgbm': '4.1.0', 'numba': '0.58.0', 'requests': '2.31.0', 'matplotlib': '3.8.0', 'scikitplot': '0.3.7', 'yellowbrick': '1.5', 'plotly': '5.17.0', 'plotly-resampler': 'Not installed', 'kaleido': '0.2.1', 'schemdraw': '0.15', 'statsmodels': '0.14.0', 'sktime': '0.21.1', 'tbats': '1.1.3', 'pmdarima': '2.0.3', 'psutil': '5.9.5', 'markupsafe': '2.1.3', 'pickle5': 'Not installed', 'cloudpickle': '2.2.1', 'deprecation': '2.1.0', 'xxhash': '3.4.1', 'wurlitzer': 'Not installed'}, 'python': {'version': '3.10.13', 'machine': 'AMD64'}}
pickle: {'deps_info': {'pip': '23.1.2', 'setuptools': '67.8.0', 'pycaret': '3.0.2', 'IPython': '8.12.2', 'ipywidgets': '8.0.6', 'tqdm': '4.65.0', 'numpy': '1.24.3', 'pandas': '1.5.3', 'jinja2': '3.1.2', 'scipy': '1.10.1', 'joblib': '1.2.0', 'sklearn': '1.2.2', 'pyod': '1.0.9', 'imblearn': '0.10.1', 'category_encoders': '2.6.1', 'lightgbm': '3.3.5', 'numba': '0.57.0', 'requests': '2.29.0', 'matplotlib': '3.7.1', 'scikitplot': '0.3.7', 'yellowbrick': '1.5', 'plotly': '5.15.0', 'kaleido': '0.2.1', 'statsmodels': '0.14.0', 'sktime': '0.17.0', 'tbats': '1.1.3', 'pmdarima': '2.0.3', 'psutil': '5.9.5'}, 'python': {'version': '3.8.16', 'machine': 'arm64'}}
  warnings.warn(

2023-10-27 13:36:38,610:INFO:Initializing load_model()
2023-10-27 13:36:38,610:INFO:load_model(model_name=D:/Python_Project/ICU/Abhishek_Yadav_ICU/ICUPredictionDeepAarogya/Data/ICU_prediction_finetune_xgb, platform=None, authentication=None, verbose=True)
2023-10-27 13:36:38,631:WARNING:C:\Users\abhis\anaconda3\envs\Streamlit_app\lib\site-packages\pycaret\internal\pipeline.py:139: UserWarning: Version mismatch:
current: {'deps_info': {'pip': '23.2.1', 'setuptools': '68.0.0', 'pycaret': '3.1.0', 'IPython': '8.16.1', 'ipywidgets': '8.1.1', 'tqdm': '4.66.1', 'numpy': '1.23.5', 'pandas': '1.5.3', 'jinja2': '3.1.2', 'scipy': '1.10.1', 'joblib': '1.3.2', 'sklearn': '1.2.2', 'pyod': '1.1.0', 'imblearn': '0.11.0', 'category_encoders': '2.6.2', 'lightgbm': '4.1.0', 'numba': '0.58.0', 'requests': '2.31.0', 'matplotlib': '3.8.0', 'scikitplot': '0.3.7', 'yellowbrick': '1.5', 'plotly': '5.17.0', 'plotly-resampler': 'Not installed', 'kaleido': '0.2.1', 'schemdraw': '0.15', 'statsmodels': '0.14.0', 'sktime': '0.21.1', 'tbats': '1.1.3', 'pmdarima': '2.0.3', 'psutil': '5.9.5', 'markupsafe': '2.1.3', 'pickle5': 'Not installed', 'cloudpickle': '2.2.1', 'deprecation': '2.1.0', 'xxhash': '3.4.1', 'wurlitzer': 'Not installed'}, 'python': {'version': '3.10.13', 'machine': 'AMD64'}}
pickle: {'deps_info': {'pip': '23.1.2', 'setuptools': '67.8.0', 'pycaret': '3.0.2', 'IPython': '8.12.2', 'ipywidgets': '8.0.6', 'tqdm': '4.65.0', 'numpy': '1.24.3', 'pandas': '1.5.3', 'jinja2': '3.1.2', 'scipy': '1.10.1', 'joblib': '1.2.0', 'sklearn': '1.2.2', 'pyod': '1.0.9', 'imblearn': '0.10.1', 'category_encoders': '2.6.1', 'lightgbm': '3.3.5', 'numba': '0.57.0', 'requests': '2.29.0', 'matplotlib': '3.7.1', 'scikitplot': '0.3.7', 'yellowbrick': '1.5', 'plotly': '5.15.0', 'kaleido': '0.2.1', 'statsmodels': '0.14.0', 'sktime': '0.17.0', 'tbats': '1.1.3', 'pmdarima': '2.0.3', 'psutil': '5.9.5'}, 'python': {'version': '3.8.16', 'machine': 'arm64'}}
  warnings.warn(

2023-10-27 13:36:48,521:INFO:Initializing load_model()
2023-10-27 13:36:48,521:INFO:load_model(model_name=D:/Python_Project/ICU/Abhishek_Yadav_ICU/ICUPredictionDeepAarogya/Data/ICU_prediction_finetune_xgb, platform=None, authentication=None, verbose=True)
2023-10-27 13:36:48,586:WARNING:C:\Users\abhis\anaconda3\envs\Streamlit_app\lib\site-packages\pycaret\internal\pipeline.py:139: UserWarning: Version mismatch:
current: {'deps_info': {'pip': '23.2.1', 'setuptools': '68.0.0', 'pycaret': '3.1.0', 'IPython': '8.16.1', 'ipywidgets': '8.1.1', 'tqdm': '4.66.1', 'numpy': '1.23.5', 'pandas': '1.5.3', 'jinja2': '3.1.2', 'scipy': '1.10.1', 'joblib': '1.3.2', 'sklearn': '1.2.2', 'pyod': '1.1.0', 'imblearn': '0.11.0', 'category_encoders': '2.6.2', 'lightgbm': '4.1.0', 'numba': '0.58.0', 'requests': '2.31.0', 'matplotlib': '3.8.0', 'scikitplot': '0.3.7', 'yellowbrick': '1.5', 'plotly': '5.17.0', 'plotly-resampler': 'Not installed', 'kaleido': '0.2.1', 'schemdraw': '0.15', 'statsmodels': '0.14.0', 'sktime': '0.21.1', 'tbats': '1.1.3', 'pmdarima': '2.0.3', 'psutil': '5.9.5', 'markupsafe': '2.1.3', 'pickle5': 'Not installed', 'cloudpickle': '2.2.1', 'deprecation': '2.1.0', 'xxhash': '3.4.1', 'wurlitzer': 'Not installed'}, 'python': {'version': '3.10.13', 'machine': 'AMD64'}}
pickle: {'deps_info': {'pip': '23.1.2', 'setuptools': '67.8.0', 'pycaret': '3.0.2', 'IPython': '8.12.2', 'ipywidgets': '8.0.6', 'tqdm': '4.65.0', 'numpy': '1.24.3', 'pandas': '1.5.3', 'jinja2': '3.1.2', 'scipy': '1.10.1', 'joblib': '1.2.0', 'sklearn': '1.2.2', 'pyod': '1.0.9', 'imblearn': '0.10.1', 'category_encoders': '2.6.1', 'lightgbm': '3.3.5', 'numba': '0.57.0', 'requests': '2.29.0', 'matplotlib': '3.7.1', 'scikitplot': '0.3.7', 'yellowbrick': '1.5', 'plotly': '5.15.0', 'kaleido': '0.2.1', 'statsmodels': '0.14.0', 'sktime': '0.17.0', 'tbats': '1.1.3', 'pmdarima': '2.0.3', 'psutil': '5.9.5'}, 'python': {'version': '3.8.16', 'machine': 'arm64'}}
  warnings.warn(

2023-10-27 13:36:57,895:INFO:Initializing load_model()
2023-10-27 13:36:57,895:INFO:load_model(model_name=D:/Python_Project/ICU/Abhishek_Yadav_ICU/ICUPredictionDeepAarogya/Data/ICU_prediction_finetune_xgb, platform=None, authentication=None, verbose=True)
2023-10-27 13:36:57,922:WARNING:C:\Users\abhis\anaconda3\envs\Streamlit_app\lib\site-packages\pycaret\internal\pipeline.py:139: UserWarning: Version mismatch:
current: {'deps_info': {'pip': '23.2.1', 'setuptools': '68.0.0', 'pycaret': '3.1.0', 'IPython': '8.16.1', 'ipywidgets': '8.1.1', 'tqdm': '4.66.1', 'numpy': '1.23.5', 'pandas': '1.5.3', 'jinja2': '3.1.2', 'scipy': '1.10.1', 'joblib': '1.3.2', 'sklearn': '1.2.2', 'pyod': '1.1.0', 'imblearn': '0.11.0', 'category_encoders': '2.6.2', 'lightgbm': '4.1.0', 'numba': '0.58.0', 'requests': '2.31.0', 'matplotlib': '3.8.0', 'scikitplot': '0.3.7', 'yellowbrick': '1.5', 'plotly': '5.17.0', 'plotly-resampler': 'Not installed', 'kaleido': '0.2.1', 'schemdraw': '0.15', 'statsmodels': '0.14.0', 'sktime': '0.21.1', 'tbats': '1.1.3', 'pmdarima': '2.0.3', 'psutil': '5.9.5', 'markupsafe': '2.1.3', 'pickle5': 'Not installed', 'cloudpickle': '2.2.1', 'deprecation': '2.1.0', 'xxhash': '3.4.1', 'wurlitzer': 'Not installed'}, 'python': {'version': '3.10.13', 'machine': 'AMD64'}}
pickle: {'deps_info': {'pip': '23.1.2', 'setuptools': '67.8.0', 'pycaret': '3.0.2', 'IPython': '8.12.2', 'ipywidgets': '8.0.6', 'tqdm': '4.65.0', 'numpy': '1.24.3', 'pandas': '1.5.3', 'jinja2': '3.1.2', 'scipy': '1.10.1', 'joblib': '1.2.0', 'sklearn': '1.2.2', 'pyod': '1.0.9', 'imblearn': '0.10.1', 'category_encoders': '2.6.1', 'lightgbm': '3.3.5', 'numba': '0.57.0', 'requests': '2.29.0', 'matplotlib': '3.7.1', 'scikitplot': '0.3.7', 'yellowbrick': '1.5', 'plotly': '5.15.0', 'kaleido': '0.2.1', 'statsmodels': '0.14.0', 'sktime': '0.17.0', 'tbats': '1.1.3', 'pmdarima': '2.0.3', 'psutil': '5.9.5'}, 'python': {'version': '3.8.16', 'machine': 'arm64'}}
  warnings.warn(

2023-10-27 13:37:03,986:INFO:Initializing load_model()
2023-10-27 13:37:03,986:INFO:load_model(model_name=D:/Python_Project/ICU/Abhishek_Yadav_ICU/ICUPredictionDeepAarogya/Data/ICU_prediction_finetune_xgb, platform=None, authentication=None, verbose=True)
2023-10-27 13:37:04,015:WARNING:C:\Users\abhis\anaconda3\envs\Streamlit_app\lib\site-packages\pycaret\internal\pipeline.py:139: UserWarning: Version mismatch:
current: {'deps_info': {'pip': '23.2.1', 'setuptools': '68.0.0', 'pycaret': '3.1.0', 'IPython': '8.16.1', 'ipywidgets': '8.1.1', 'tqdm': '4.66.1', 'numpy': '1.23.5', 'pandas': '1.5.3', 'jinja2': '3.1.2', 'scipy': '1.10.1', 'joblib': '1.3.2', 'sklearn': '1.2.2', 'pyod': '1.1.0', 'imblearn': '0.11.0', 'category_encoders': '2.6.2', 'lightgbm': '4.1.0', 'numba': '0.58.0', 'requests': '2.31.0', 'matplotlib': '3.8.0', 'scikitplot': '0.3.7', 'yellowbrick': '1.5', 'plotly': '5.17.0', 'plotly-resampler': 'Not installed', 'kaleido': '0.2.1', 'schemdraw': '0.15', 'statsmodels': '0.14.0', 'sktime': '0.21.1', 'tbats': '1.1.3', 'pmdarima': '2.0.3', 'psutil': '5.9.5', 'markupsafe': '2.1.3', 'pickle5': 'Not installed', 'cloudpickle': '2.2.1', 'deprecation': '2.1.0', 'xxhash': '3.4.1', 'wurlitzer': 'Not installed'}, 'python': {'version': '3.10.13', 'machine': 'AMD64'}}
pickle: {'deps_info': {'pip': '23.1.2', 'setuptools': '67.8.0', 'pycaret': '3.0.2', 'IPython': '8.12.2', 'ipywidgets': '8.0.6', 'tqdm': '4.65.0', 'numpy': '1.24.3', 'pandas': '1.5.3', 'jinja2': '3.1.2', 'scipy': '1.10.1', 'joblib': '1.2.0', 'sklearn': '1.2.2', 'pyod': '1.0.9', 'imblearn': '0.10.1', 'category_encoders': '2.6.1', 'lightgbm': '3.3.5', 'numba': '0.57.0', 'requests': '2.29.0', 'matplotlib': '3.7.1', 'scikitplot': '0.3.7', 'yellowbrick': '1.5', 'plotly': '5.15.0', 'kaleido': '0.2.1', 'statsmodels': '0.14.0', 'sktime': '0.17.0', 'tbats': '1.1.3', 'pmdarima': '2.0.3', 'psutil': '5.9.5'}, 'python': {'version': '3.8.16', 'machine': 'arm64'}}
  warnings.warn(

2023-10-27 13:37:08,434:INFO:Initializing load_model()
2023-10-27 13:37:08,434:INFO:load_model(model_name=D:/Python_Project/ICU/Abhishek_Yadav_ICU/ICUPredictionDeepAarogya/Data/ICU_prediction_finetune_xgb, platform=None, authentication=None, verbose=True)
2023-10-27 13:37:08,463:WARNING:C:\Users\abhis\anaconda3\envs\Streamlit_app\lib\site-packages\pycaret\internal\pipeline.py:139: UserWarning: Version mismatch:
current: {'deps_info': {'pip': '23.2.1', 'setuptools': '68.0.0', 'pycaret': '3.1.0', 'IPython': '8.16.1', 'ipywidgets': '8.1.1', 'tqdm': '4.66.1', 'numpy': '1.23.5', 'pandas': '1.5.3', 'jinja2': '3.1.2', 'scipy': '1.10.1', 'joblib': '1.3.2', 'sklearn': '1.2.2', 'pyod': '1.1.0', 'imblearn': '0.11.0', 'category_encoders': '2.6.2', 'lightgbm': '4.1.0', 'numba': '0.58.0', 'requests': '2.31.0', 'matplotlib': '3.8.0', 'scikitplot': '0.3.7', 'yellowbrick': '1.5', 'plotly': '5.17.0', 'plotly-resampler': 'Not installed', 'kaleido': '0.2.1', 'schemdraw': '0.15', 'statsmodels': '0.14.0', 'sktime': '0.21.1', 'tbats': '1.1.3', 'pmdarima': '2.0.3', 'psutil': '5.9.5', 'markupsafe': '2.1.3', 'pickle5': 'Not installed', 'cloudpickle': '2.2.1', 'deprecation': '2.1.0', 'xxhash': '3.4.1', 'wurlitzer': 'Not installed'}, 'python': {'version': '3.10.13', 'machine': 'AMD64'}}
pickle: {'deps_info': {'pip': '23.1.2', 'setuptools': '67.8.0', 'pycaret': '3.0.2', 'IPython': '8.12.2', 'ipywidgets': '8.0.6', 'tqdm': '4.65.0', 'numpy': '1.24.3', 'pandas': '1.5.3', 'jinja2': '3.1.2', 'scipy': '1.10.1', 'joblib': '1.2.0', 'sklearn': '1.2.2', 'pyod': '1.0.9', 'imblearn': '0.10.1', 'category_encoders': '2.6.1', 'lightgbm': '3.3.5', 'numba': '0.57.0', 'requests': '2.29.0', 'matplotlib': '3.7.1', 'scikitplot': '0.3.7', 'yellowbrick': '1.5', 'plotly': '5.15.0', 'kaleido': '0.2.1', 'statsmodels': '0.14.0', 'sktime': '0.17.0', 'tbats': '1.1.3', 'pmdarima': '2.0.3', 'psutil': '5.9.5'}, 'python': {'version': '3.8.16', 'machine': 'arm64'}}
  warnings.warn(

2023-10-27 13:37:21,080:INFO:Initializing load_model()
2023-10-27 13:37:21,080:INFO:load_model(model_name=D:/Python_Project/ICU/Abhishek_Yadav_ICU/ICUPredictionDeepAarogya/Data/ICU_prediction_finetune_xgb, platform=None, authentication=None, verbose=True)
2023-10-27 13:37:21,099:WARNING:C:\Users\abhis\anaconda3\envs\Streamlit_app\lib\site-packages\pycaret\internal\pipeline.py:139: UserWarning: Version mismatch:
current: {'deps_info': {'pip': '23.2.1', 'setuptools': '68.0.0', 'pycaret': '3.1.0', 'IPython': '8.16.1', 'ipywidgets': '8.1.1', 'tqdm': '4.66.1', 'numpy': '1.23.5', 'pandas': '1.5.3', 'jinja2': '3.1.2', 'scipy': '1.10.1', 'joblib': '1.3.2', 'sklearn': '1.2.2', 'pyod': '1.1.0', 'imblearn': '0.11.0', 'category_encoders': '2.6.2', 'lightgbm': '4.1.0', 'numba': '0.58.0', 'requests': '2.31.0', 'matplotlib': '3.8.0', 'scikitplot': '0.3.7', 'yellowbrick': '1.5', 'plotly': '5.17.0', 'plotly-resampler': 'Not installed', 'kaleido': '0.2.1', 'schemdraw': '0.15', 'statsmodels': '0.14.0', 'sktime': '0.21.1', 'tbats': '1.1.3', 'pmdarima': '2.0.3', 'psutil': '5.9.5', 'markupsafe': '2.1.3', 'pickle5': 'Not installed', 'cloudpickle': '2.2.1', 'deprecation': '2.1.0', 'xxhash': '3.4.1', 'wurlitzer': 'Not installed'}, 'python': {'version': '3.10.13', 'machine': 'AMD64'}}
pickle: {'deps_info': {'pip': '23.1.2', 'setuptools': '67.8.0', 'pycaret': '3.0.2', 'IPython': '8.12.2', 'ipywidgets': '8.0.6', 'tqdm': '4.65.0', 'numpy': '1.24.3', 'pandas': '1.5.3', 'jinja2': '3.1.2', 'scipy': '1.10.1', 'joblib': '1.2.0', 'sklearn': '1.2.2', 'pyod': '1.0.9', 'imblearn': '0.10.1', 'category_encoders': '2.6.1', 'lightgbm': '3.3.5', 'numba': '0.57.0', 'requests': '2.29.0', 'matplotlib': '3.7.1', 'scikitplot': '0.3.7', 'yellowbrick': '1.5', 'plotly': '5.15.0', 'kaleido': '0.2.1', 'statsmodels': '0.14.0', 'sktime': '0.17.0', 'tbats': '1.1.3', 'pmdarima': '2.0.3', 'psutil': '5.9.5'}, 'python': {'version': '3.8.16', 'machine': 'arm64'}}
  warnings.warn(

2023-10-27 13:53:12,302:INFO:Initializing load_model()
2023-10-27 13:53:12,303:INFO:load_model(model_name=D:/Python_Project/ICU/Abhishek_Yadav_ICU/ICUPredictionDeepAarogya/Data/ICU_prediction_finetune_xgb, platform=None, authentication=None, verbose=True)
2023-10-27 13:53:12,342:WARNING:C:\Users\abhis\anaconda3\envs\Streamlit_app\lib\site-packages\pycaret\internal\pipeline.py:139: UserWarning: Version mismatch:
current: {'deps_info': {'pip': '23.2.1', 'setuptools': '68.0.0', 'pycaret': '3.1.0', 'IPython': '8.16.1', 'ipywidgets': '8.1.1', 'tqdm': '4.66.1', 'numpy': '1.23.5', 'pandas': '1.5.3', 'jinja2': '3.1.2', 'scipy': '1.10.1', 'joblib': '1.3.2', 'sklearn': '1.2.2', 'pyod': '1.1.0', 'imblearn': '0.11.0', 'category_encoders': '2.6.2', 'lightgbm': '4.1.0', 'numba': '0.58.0', 'requests': '2.31.0', 'matplotlib': '3.8.0', 'scikitplot': '0.3.7', 'yellowbrick': '1.5', 'plotly': '5.17.0', 'plotly-resampler': 'Not installed', 'kaleido': '0.2.1', 'schemdraw': '0.15', 'statsmodels': '0.14.0', 'sktime': '0.21.1', 'tbats': '1.1.3', 'pmdarima': '2.0.3', 'psutil': '5.9.5', 'markupsafe': '2.1.3', 'pickle5': 'Not installed', 'cloudpickle': '2.2.1', 'deprecation': '2.1.0', 'xxhash': '3.4.1', 'wurlitzer': 'Not installed'}, 'python': {'version': '3.10.13', 'machine': 'AMD64'}}
pickle: {'deps_info': {'pip': '23.1.2', 'setuptools': '67.8.0', 'pycaret': '3.0.2', 'IPython': '8.12.2', 'ipywidgets': '8.0.6', 'tqdm': '4.65.0', 'numpy': '1.24.3', 'pandas': '1.5.3', 'jinja2': '3.1.2', 'scipy': '1.10.1', 'joblib': '1.2.0', 'sklearn': '1.2.2', 'pyod': '1.0.9', 'imblearn': '0.10.1', 'category_encoders': '2.6.1', 'lightgbm': '3.3.5', 'numba': '0.57.0', 'requests': '2.29.0', 'matplotlib': '3.7.1', 'scikitplot': '0.3.7', 'yellowbrick': '1.5', 'plotly': '5.15.0', 'kaleido': '0.2.1', 'statsmodels': '0.14.0', 'sktime': '0.17.0', 'tbats': '1.1.3', 'pmdarima': '2.0.3', 'psutil': '5.9.5'}, 'python': {'version': '3.8.16', 'machine': 'arm64'}}
  warnings.warn(

2023-10-27 13:53:19,200:INFO:Initializing load_model()
2023-10-27 13:53:19,200:INFO:load_model(model_name=D:/Python_Project/ICU/Abhishek_Yadav_ICU/ICUPredictionDeepAarogya/Data/ICU_prediction_finetune_xgb, platform=None, authentication=None, verbose=True)
2023-10-27 13:53:19,231:WARNING:C:\Users\abhis\anaconda3\envs\Streamlit_app\lib\site-packages\pycaret\internal\pipeline.py:139: UserWarning: Version mismatch:
current: {'deps_info': {'pip': '23.2.1', 'setuptools': '68.0.0', 'pycaret': '3.1.0', 'IPython': '8.16.1', 'ipywidgets': '8.1.1', 'tqdm': '4.66.1', 'numpy': '1.23.5', 'pandas': '1.5.3', 'jinja2': '3.1.2', 'scipy': '1.10.1', 'joblib': '1.3.2', 'sklearn': '1.2.2', 'pyod': '1.1.0', 'imblearn': '0.11.0', 'category_encoders': '2.6.2', 'lightgbm': '4.1.0', 'numba': '0.58.0', 'requests': '2.31.0', 'matplotlib': '3.8.0', 'scikitplot': '0.3.7', 'yellowbrick': '1.5', 'plotly': '5.17.0', 'plotly-resampler': 'Not installed', 'kaleido': '0.2.1', 'schemdraw': '0.15', 'statsmodels': '0.14.0', 'sktime': '0.21.1', 'tbats': '1.1.3', 'pmdarima': '2.0.3', 'psutil': '5.9.5', 'markupsafe': '2.1.3', 'pickle5': 'Not installed', 'cloudpickle': '2.2.1', 'deprecation': '2.1.0', 'xxhash': '3.4.1', 'wurlitzer': 'Not installed'}, 'python': {'version': '3.10.13', 'machine': 'AMD64'}}
pickle: {'deps_info': {'pip': '23.1.2', 'setuptools': '67.8.0', 'pycaret': '3.0.2', 'IPython': '8.12.2', 'ipywidgets': '8.0.6', 'tqdm': '4.65.0', 'numpy': '1.24.3', 'pandas': '1.5.3', 'jinja2': '3.1.2', 'scipy': '1.10.1', 'joblib': '1.2.0', 'sklearn': '1.2.2', 'pyod': '1.0.9', 'imblearn': '0.10.1', 'category_encoders': '2.6.1', 'lightgbm': '3.3.5', 'numba': '0.57.0', 'requests': '2.29.0', 'matplotlib': '3.7.1', 'scikitplot': '0.3.7', 'yellowbrick': '1.5', 'plotly': '5.15.0', 'kaleido': '0.2.1', 'statsmodels': '0.14.0', 'sktime': '0.17.0', 'tbats': '1.1.3', 'pmdarima': '2.0.3', 'psutil': '5.9.5'}, 'python': {'version': '3.8.16', 'machine': 'arm64'}}
  warnings.warn(

